<?xml version="1.0" encoding="UTF-8"?>
<!-- Generated by org.testng.reporters.JUnitReportReporter -->
<testsuite hostname="DESKTOP-1BIAF7O" failures="0" tests="3" name="testClass.TestClassForSignInpage" time="0.031" errors="0" timestamp="2023-10-19T17:37:20 PDT" skipped="0">
  <testcase classname="testClass.TestClassForSignInpage" name="test2" time="0.005"/>
  <testcase classname="testClass.TestClassForSignInpage" name="test3" time="0.005"/>
  <testcase classname="testClass.TestClassForSignInpage" name="test1" time="0.021"/>
</testsuite> <!-- testClass.TestClassForSignInpage -->
