<?xml version="1.0" encoding="UTF-8"?>
<!-- Generated by org.testng.reporters.JUnitReportReporter -->
<testsuite hostname="DESKTOP-1BIAF7O" failures="0" tests="3" name="testClass.TestClass1" time="0.024" errors="0" timestamp="2023-10-16T12:35:13 PDT" skipped="0">
  <testcase classname="testClass.TestClass1" name="test2" time="0.004"/>
  <testcase classname="testClass.TestClass1" name="test3" time="0.005"/>
  <testcase classname="testClass.TestClass1" name="test1" time="0.015"/>
</testsuite> <!-- testClass.TestClass1 -->
