<?xml version="1.0" encoding="UTF-8"?>
<!-- Generated by org.testng.reporters.JUnitReportReporter -->
<testsuite hostname="DESKTOP-1BIAF7O" failures="0" tests="3" name="testClass.TestClassForgotPasswordpage" time="0.033" errors="0" timestamp="2023-10-20T01:35:14 PDT" skipped="0">
  <testcase classname="testClass.TestClassForgotPasswordpage" name="test2" time="0.011"/>
  <testcase classname="testClass.TestClassForgotPasswordpage" name="test3" time="0.008"/>
  <testcase classname="testClass.TestClassForgotPasswordpage" name="test1" time="0.014"/>
</testsuite> <!-- testClass.TestClassForgotPasswordpage -->
